<?xml version="1.0" encoding="UTF-8" ?>
<testsuite failures="0" time="0.323" errors="0" skipped="0" tests="4" name="app.ComputerPlayerLevel2ImpTest">
  <properties>
[...]
</properties>
  <testcase time="0.318" classname="app.ComputerPlayerLevel2ImpTest" name="testGetResponse"/>
  <testcase time="0.001" classname="app.ComputerPlayerLevel2ImpTest" name="testGetPlayerMarker"/>
  <testcase time="0.001" classname="app.ComputerPlayerLevel2ImpTest" name="testComputerPlayerLevel1Imp"/>
  <testcase time="0.003" classname="app.ComputerPlayerLevel2ImpTest" name="testGetPlayerName"/>
</testsuite>